----------------------------------------------------------------
Wed Jun 09 09:51:04 ICT 2021:
Booting Derby version The Apache Software Foundation - Apache Derby - 10.11.1.1 - (1616546): instance a816c00e-0179-eeae-32bb-00000b90b568 
on database directory memory:C:\Project\SpingBootCatalog\450c7e75-191b-42cc-ba9e-af316ae2c5d5 with class loader jdk.internal.loader.ClassLoaders$AppClassLoader@3b192d32 
Loaded from file:/C:/Users/tamnd/.m2/repository/com/innoventsolutions/birt/runtime/org.apache.derby_10.11.1.1_v201605202053/4.8.0/org.apache.derby_10.11.1.1_v201605202053-4.8.0.jar
java.vendor=Oracle Corporation
java.runtime.version=11.0.11+9-LTS-194
user.dir=c:\Project\SpingBootCatalog
os.name=Windows 10
os.arch=amd64
os.version=10.0
derby.system.home=null
Database Class Loader started - derby.database.classpath=''
----------------------------------------------------------------
Wed Jun 09 09:51:06 ICT 2021:
Shutting down instance a816c00e-0179-eeae-32bb-00000b90b568 on database directory memory:C:\Project\SpingBootCatalog\450c7e75-191b-42cc-ba9e-af316ae2c5d5 with class loader jdk.internal.loader.ClassLoaders$AppClassLoader@3b192d32 
----------------------------------------------------------------
Wed Jun 09 09:51:11 ICT 2021:
Booting Derby version The Apache Software Foundation - Apache Derby - 10.11.1.1 - (1616546): instance 59e70108-0179-eeae-32bb-00000b90b568 
on database directory memory:C:\Project\SpingBootCatalog\7e47e8d3-22ec-479d-b16d-a1fb7a92f0e5 with class loader jdk.internal.loader.ClassLoaders$AppClassLoader@3b192d32 
Loaded from file:/C:/Users/tamnd/.m2/repository/com/innoventsolutions/birt/runtime/org.apache.derby_10.11.1.1_v201605202053/4.8.0/org.apache.derby_10.11.1.1_v201605202053-4.8.0.jar
java.vendor=Oracle Corporation
java.runtime.version=11.0.11+9-LTS-194
user.dir=c:\Project\SpingBootCatalog
os.name=Windows 10
os.arch=amd64
os.version=10.0
derby.system.home=null
Database Class Loader started - derby.database.classpath=''
----------------------------------------------------------------
Wed Jun 09 09:51:12 ICT 2021:
Shutting down instance 59e70108-0179-eeae-32bb-00000b90b568 on database directory memory:C:\Project\SpingBootCatalog\7e47e8d3-22ec-479d-b16d-a1fb7a92f0e5 with class loader jdk.internal.loader.ClassLoaders$AppClassLoader@3b192d32 
